<?xml version="1.0" encoding="UTF-8"?>
<!-- Generated by org.testng.reporters.JUnitXMLReporter -->
<testsuite hostname="DESKTOP-32VMDLN" ignored="0" name="Test2" tests="1" failures="1" timestamp="2020-04-13T15:27:27 IST" time="11.357" errors="0">
  <testcase name="testcreateproject" time="0.157" classname="com.erp22_projects_Scripts.createProjectTC_002">
    <failure type="java.lang.NullPointerException">
      <![CDATA[java.lang.NullPointerException
at com.erp22_utilities.excelOperation.readData(excelOperation.java:17)
at com.erp22_projects_Scripts.createProjectTC_002.testcreateproject(createProjectTC_002.java:19)
at java.util.ArrayList.forEach(ArrayList.java:1249)
... Removed 31 stack frames]]>
    </failure>
  </testcase> <!-- testcreateproject -->
</testsuite> <!-- Test2 -->
