<?xml version="1.0" encoding="UTF-8"?>
<!-- Generated by org.testng.reporters.JUnitXMLReporter -->
<testsuite hostname="DESKTOP-32VMDLN" ignored="0" name="Test3" tests="1" failures="1" timestamp="2020-04-13T15:27:37 IST" time="9.778" errors="0">
  <testcase name="testCreateTasks" time="0.135" classname="com.erp22_tasks_Scripts.createTasksTC_003">
    <failure type="java.lang.NullPointerException">
      <![CDATA[java.lang.NullPointerException
at com.erp22_utilities.excelOperation.readData(excelOperation.java:17)
at com.erp22_tasks_Scripts.createTasksTC_003.testCreateTasks(createTasksTC_003.java:18)
at java.util.ArrayList.forEach(ArrayList.java:1249)
... Removed 31 stack frames]]>
    </failure>
  </testcase> <!-- testCreateTasks -->
</testsuite> <!-- Test3 -->
