<?xml version="1.0" encoding="UTF-8"?>
<testng-results skipped="0" failed="2" ignored="0" total="3" passed="1">
  <reporter-output>
  </reporter-output>
  <suite name="Suite" duration-ms="45354" started-at="2020-04-13T15:26:51 IST" finished-at="2020-04-13T15:27:37 IST">
    <groups>
    </groups>
    <test name="Test1" duration-ms="24042" started-at="2020-04-13T15:26:51 IST" finished-at="2020-04-13T15:27:15 IST">
      <class name="com.erp22_customer_Scripts.createCustomerTC_001">
        <test-method status="PASS" signature="openBrowser()[pri:0, instance:com.erp22_customer_Scripts.createCustomerTC_001@6536e911]" name="openBrowser" is-config="true" duration-ms="8872" started-at="2020-04-13T15:26:51 IST" finished-at="2020-04-13T15:27:00 IST">
          <reporter-output>
          </reporter-output>
        </test-method> <!-- openBrowser -->
        <test-method status="PASS" signature="login()[pri:0, instance:com.erp22_customer_Scripts.createCustomerTC_001@6536e911]" name="login" is-config="true" duration-ms="1674" started-at="2020-04-13T15:27:00 IST" finished-at="2020-04-13T15:27:02 IST">
          <reporter-output>
          </reporter-output>
        </test-method> <!-- login -->
        <test-method status="PASS" signature="testcreateCustomerTC_001()[pri:0, instance:com.erp22_customer_Scripts.createCustomerTC_001@6536e911]" name="testcreateCustomerTC_001" duration-ms="8760" started-at="2020-04-13T15:27:02 IST" finished-at="2020-04-13T15:27:11 IST">
          <reporter-output>
          </reporter-output>
        </test-method> <!-- testcreateCustomerTC_001 -->
        <test-method status="PASS" signature="logout()[pri:0, instance:com.erp22_customer_Scripts.createCustomerTC_001@6536e911]" name="logout" is-config="true" duration-ms="458" started-at="2020-04-13T15:27:11 IST" finished-at="2020-04-13T15:27:11 IST">
          <reporter-output>
          </reporter-output>
        </test-method> <!-- logout -->
        <test-method status="PASS" signature="browserClose()[pri:0, instance:com.erp22_customer_Scripts.createCustomerTC_001@6536e911]" name="browserClose" is-config="true" duration-ms="4183" started-at="2020-04-13T15:27:11 IST" finished-at="2020-04-13T15:27:15 IST">
          <reporter-output>
          </reporter-output>
        </test-method> <!-- browserClose -->
      </class> <!-- com.erp22_customer_Scripts.createCustomerTC_001 -->
    </test> <!-- Test1 -->
    <test name="Test2" duration-ms="11357" started-at="2020-04-13T15:27:16 IST" finished-at="2020-04-13T15:27:27 IST">
      <class name="com.erp22_projects_Scripts.createProjectTC_002">
        <test-method status="PASS" signature="openBrowser()[pri:0, instance:com.erp22_projects_Scripts.createProjectTC_002@3dd4520b]" name="openBrowser" is-config="true" duration-ms="8199" started-at="2020-04-13T15:27:16 IST" finished-at="2020-04-13T15:27:24 IST">
          <reporter-output>
          </reporter-output>
        </test-method> <!-- openBrowser -->
        <test-method status="PASS" signature="login()[pri:0, instance:com.erp22_projects_Scripts.createProjectTC_002@3dd4520b]" name="login" is-config="true" duration-ms="1406" started-at="2020-04-13T15:27:24 IST" finished-at="2020-04-13T15:27:25 IST">
          <reporter-output>
          </reporter-output>
        </test-method> <!-- login -->
        <test-method status="FAIL" signature="testcreateproject()[pri:0, instance:com.erp22_projects_Scripts.createProjectTC_002@3dd4520b]" name="testcreateproject" duration-ms="157" started-at="2020-04-13T15:27:25 IST" finished-at="2020-04-13T15:27:25 IST">
          <exception class="java.lang.NullPointerException">
            <full-stacktrace>
              <![CDATA[java.lang.NullPointerException
at com.erp22_utilities.excelOperation.readData(excelOperation.java:17)
at com.erp22_projects_Scripts.createProjectTC_002.testcreateproject(createProjectTC_002.java:19)
at sun.reflect.NativeMethodAccessorImpl.invoke0(Native Method)
at sun.reflect.NativeMethodAccessorImpl.invoke(NativeMethodAccessorImpl.java:62)
at sun.reflect.DelegatingMethodAccessorImpl.invoke(DelegatingMethodAccessorImpl.java:43)
at java.lang.reflect.Method.invoke(Method.java:497)
at org.testng.internal.MethodInvocationHelper.invokeMethod(MethodInvocationHelper.java:134)
at org.testng.internal.TestInvoker.invokeMethod(TestInvoker.java:597)
at org.testng.internal.TestInvoker.invokeTestMethod(TestInvoker.java:173)
at org.testng.internal.MethodRunner.runInSequence(MethodRunner.java:46)
at org.testng.internal.TestInvoker$MethodInvocationAgent.invoke(TestInvoker.java:816)
at org.testng.internal.TestInvoker.invokeTestMethods(TestInvoker.java:146)
at org.testng.internal.TestMethodWorker.invokeTestMethods(TestMethodWorker.java:146)
at org.testng.internal.TestMethodWorker.run(TestMethodWorker.java:128)
at java.util.ArrayList.forEach(ArrayList.java:1249)
at org.testng.TestRunner.privateRun(TestRunner.java:766)
at org.testng.TestRunner.run(TestRunner.java:587)
at org.testng.SuiteRunner.runTest(SuiteRunner.java:384)
at org.testng.SuiteRunner.runSequentially(SuiteRunner.java:378)
at org.testng.SuiteRunner.privateRun(SuiteRunner.java:337)
at org.testng.SuiteRunner.run(SuiteRunner.java:286)
at org.testng.SuiteRunnerWorker.runSuite(SuiteRunnerWorker.java:53)
at org.testng.SuiteRunnerWorker.run(SuiteRunnerWorker.java:96)
at org.testng.TestNG.runSuitesSequentially(TestNG.java:1187)
at org.testng.TestNG.runSuitesLocally(TestNG.java:1109)
at org.testng.TestNG.runSuites(TestNG.java:1039)
at org.testng.TestNG.run(TestNG.java:1007)
at org.apache.maven.surefire.testng.TestNGExecutor.run(TestNGExecutor.java:283)
at org.apache.maven.surefire.testng.TestNGXmlTestSuite.execute(TestNGXmlTestSuite.java:75)
at org.apache.maven.surefire.testng.TestNGProvider.invoke(TestNGProvider.java:120)
at org.apache.maven.surefire.booter.ForkedBooter.runSuitesInProcess(ForkedBooter.java:377)
at org.apache.maven.surefire.booter.ForkedBooter.execute(ForkedBooter.java:138)
at org.apache.maven.surefire.booter.ForkedBooter.run(ForkedBooter.java:465)
at org.apache.maven.surefire.booter.ForkedBooter.main(ForkedBooter.java:451)
]]>
            </full-stacktrace>
          </exception> <!-- java.lang.NullPointerException -->
          <reporter-output>
          </reporter-output>
        </test-method> <!-- testcreateproject -->
        <test-method status="PASS" signature="logout()[pri:0, instance:com.erp22_projects_Scripts.createProjectTC_002@3dd4520b]" name="logout" is-config="true" duration-ms="1359" started-at="2020-04-13T15:27:25 IST" finished-at="2020-04-13T15:27:27 IST">
          <reporter-output>
          </reporter-output>
        </test-method> <!-- logout -->
        <test-method status="PASS" signature="browserClose()[pri:0, instance:com.erp22_projects_Scripts.createProjectTC_002@3dd4520b]" name="browserClose" is-config="true" duration-ms="205" started-at="2020-04-13T15:27:27 IST" finished-at="2020-04-13T15:27:27 IST">
          <reporter-output>
          </reporter-output>
        </test-method> <!-- browserClose -->
      </class> <!-- com.erp22_projects_Scripts.createProjectTC_002 -->
    </test> <!-- Test2 -->
    <test name="Test3" duration-ms="9778" started-at="2020-04-13T15:27:27 IST" finished-at="2020-04-13T15:27:37 IST">
      <class name="com.erp22_tasks_Scripts.createTasksTC_003">
        <test-method status="PASS" signature="openBrowser()[pri:0, instance:com.erp22_tasks_Scripts.createTasksTC_003@2b552920]" name="openBrowser" is-config="true" duration-ms="6471" started-at="2020-04-13T15:27:27 IST" finished-at="2020-04-13T15:27:33 IST">
          <reporter-output>
          </reporter-output>
        </test-method> <!-- openBrowser -->
        <test-method status="PASS" signature="login()[pri:0, instance:com.erp22_tasks_Scripts.createTasksTC_003@2b552920]" name="login" is-config="true" duration-ms="1309" started-at="2020-04-13T15:27:33 IST" finished-at="2020-04-13T15:27:35 IST">
          <reporter-output>
          </reporter-output>
        </test-method> <!-- login -->
        <test-method status="FAIL" signature="testCreateTasks()[pri:0, instance:com.erp22_tasks_Scripts.createTasksTC_003@2b552920]" name="testCreateTasks" duration-ms="135" started-at="2020-04-13T15:27:35 IST" finished-at="2020-04-13T15:27:35 IST">
          <exception class="java.lang.NullPointerException">
            <full-stacktrace>
              <![CDATA[java.lang.NullPointerException
at com.erp22_utilities.excelOperation.readData(excelOperation.java:17)
at com.erp22_tasks_Scripts.createTasksTC_003.testCreateTasks(createTasksTC_003.java:18)
at sun.reflect.NativeMethodAccessorImpl.invoke0(Native Method)
at sun.reflect.NativeMethodAccessorImpl.invoke(NativeMethodAccessorImpl.java:62)
at sun.reflect.DelegatingMethodAccessorImpl.invoke(DelegatingMethodAccessorImpl.java:43)
at java.lang.reflect.Method.invoke(Method.java:497)
at org.testng.internal.MethodInvocationHelper.invokeMethod(MethodInvocationHelper.java:134)
at org.testng.internal.TestInvoker.invokeMethod(TestInvoker.java:597)
at org.testng.internal.TestInvoker.invokeTestMethod(TestInvoker.java:173)
at org.testng.internal.MethodRunner.runInSequence(MethodRunner.java:46)
at org.testng.internal.TestInvoker$MethodInvocationAgent.invoke(TestInvoker.java:816)
at org.testng.internal.TestInvoker.invokeTestMethods(TestInvoker.java:146)
at org.testng.internal.TestMethodWorker.invokeTestMethods(TestMethodWorker.java:146)
at org.testng.internal.TestMethodWorker.run(TestMethodWorker.java:128)
at java.util.ArrayList.forEach(ArrayList.java:1249)
at org.testng.TestRunner.privateRun(TestRunner.java:766)
at org.testng.TestRunner.run(TestRunner.java:587)
at org.testng.SuiteRunner.runTest(SuiteRunner.java:384)
at org.testng.SuiteRunner.runSequentially(SuiteRunner.java:378)
at org.testng.SuiteRunner.privateRun(SuiteRunner.java:337)
at org.testng.SuiteRunner.run(SuiteRunner.java:286)
at org.testng.SuiteRunnerWorker.runSuite(SuiteRunnerWorker.java:53)
at org.testng.SuiteRunnerWorker.run(SuiteRunnerWorker.java:96)
at org.testng.TestNG.runSuitesSequentially(TestNG.java:1187)
at org.testng.TestNG.runSuitesLocally(TestNG.java:1109)
at org.testng.TestNG.runSuites(TestNG.java:1039)
at org.testng.TestNG.run(TestNG.java:1007)
at org.apache.maven.surefire.testng.TestNGExecutor.run(TestNGExecutor.java:283)
at org.apache.maven.surefire.testng.TestNGXmlTestSuite.execute(TestNGXmlTestSuite.java:75)
at org.apache.maven.surefire.testng.TestNGProvider.invoke(TestNGProvider.java:120)
at org.apache.maven.surefire.booter.ForkedBooter.runSuitesInProcess(ForkedBooter.java:377)
at org.apache.maven.surefire.booter.ForkedBooter.execute(ForkedBooter.java:138)
at org.apache.maven.surefire.booter.ForkedBooter.run(ForkedBooter.java:465)
at org.apache.maven.surefire.booter.ForkedBooter.main(ForkedBooter.java:451)
]]>
            </full-stacktrace>
          </exception> <!-- java.lang.NullPointerException -->
          <reporter-output>
          </reporter-output>
        </test-method> <!-- testCreateTasks -->
        <test-method status="PASS" signature="logout()[pri:0, instance:com.erp22_tasks_Scripts.createTasksTC_003@2b552920]" name="logout" is-config="true" duration-ms="1718" started-at="2020-04-13T15:27:35 IST" finished-at="2020-04-13T15:27:37 IST">
          <reporter-output>
          </reporter-output>
        </test-method> <!-- logout -->
        <test-method status="PASS" signature="browserClose()[pri:0, instance:com.erp22_tasks_Scripts.createTasksTC_003@2b552920]" name="browserClose" is-config="true" duration-ms="139" started-at="2020-04-13T15:27:37 IST" finished-at="2020-04-13T15:27:37 IST">
          <reporter-output>
          </reporter-output>
        </test-method> <!-- browserClose -->
      </class> <!-- com.erp22_tasks_Scripts.createTasksTC_003 -->
    </test> <!-- Test3 -->
  </suite> <!-- Suite -->
</testng-results>
