<?xml version="1.0" encoding="UTF-8"?>
<testsuite xmlns:xsi="http://www.w3.org/2001/XMLSchema-instance" xsi:noNamespaceSchemaLocation="https://maven.apache.org/surefire/maven-surefire-plugin/xsd/surefire-test-report-3.0.xsd" version="3.0" name="TestSuite" time="48.016" tests="3" errors="0" skipped="0" failures="2">
  <properties>
[...]
</properties>
  <testcase name="testcreateCustomerTC_001" classname="com.erp22_customer_Scripts.createCustomerTC_001" time="8.758"/>
  <testcase name="testcreateproject" classname="com.erp22_projects_Scripts.createProjectTC_002" time="0.183">
    <failure type="java.lang.NullPointerException"><![CDATA[java.lang.NullPointerException
	at com.erp22_projects_Scripts.createProjectTC_002.testcreateproject(createProjectTC_002.java:19)
]]></failure>
    <system-out><![CDATA[04-13-2020 15:27:11 baseClass.java INFO  [main] erp22_utilities.baseClass 81 - ******LogOut Successfully******
04-13-2020 15:27:15 baseClass.java INFO  [main] erp22_utilities.baseClass 62 - ******Browser is Closed******
04-13-2020 15:27:24 baseClass.java INFO  [main] erp22_utilities.baseClass 44 - ******Chrome Browser lunched******
04-13-2020 15:27:24 baseClass.java INFO  [main] erp22_utilities.baseClass 68 - ******URL is entered******
04-13-2020 15:27:25 baseClass.java INFO  [main] erp22_utilities.baseClass 74 - ******Login successfully******
]]></system-out>
    <system-err><![CDATA[Starting ChromeDriver 79.0.3945.36 (3582db32b33893869b8c1339e8f4d9ed1816f143-refs/branch-heads/3945@{#614}) on port 16417
Only local connections are allowed.
Please protect ports used by ChromeDriver and related test frameworks to prevent access by malicious code.
[1586771839.084][WARNING]: This version of ChromeDriver has not been tested with Chrome version 80.
[1586771841.117][WARNING]: Timed out connecting to Chrome, retrying...
Apr 13, 2020 3:27:24 PM org.openqa.selenium.remote.ProtocolHandshake createSession
INFO: Detected dialect: W3C
]]></system-err>
  </testcase>
  <testcase name="testCreateTasks" classname="com.erp22_tasks_Scripts.createTasksTC_003" time="0.134">
    <failure type="java.lang.NullPointerException"><![CDATA[java.lang.NullPointerException
	at com.erp22_tasks_Scripts.createTasksTC_003.testCreateTasks(createTasksTC_003.java:18)
]]></failure>
    <system-out><![CDATA[04-13-2020 15:27:27 baseClass.java INFO  [main] erp22_utilities.baseClass 81 - ******LogOut Successfully******
04-13-2020 15:27:27 baseClass.java INFO  [main] erp22_utilities.baseClass 62 - ******Browser is Closed******
04-13-2020 15:27:33 baseClass.java INFO  [main] erp22_utilities.baseClass 44 - ******Chrome Browser lunched******
04-13-2020 15:27:34 baseClass.java INFO  [main] erp22_utilities.baseClass 68 - ******URL is entered******
04-13-2020 15:27:35 baseClass.java INFO  [main] erp22_utilities.baseClass 74 - ******Login successfully******
]]></system-out>
    <system-err><![CDATA[Starting ChromeDriver 79.0.3945.36 (3582db32b33893869b8c1339e8f4d9ed1816f143-refs/branch-heads/3945@{#614}) on port 33779
Only local connections are allowed.
Please protect ports used by ChromeDriver and related test frameworks to prevent access by malicious code.
[1586771849.780][WARNING]: This version of ChromeDriver has not been tested with Chrome version 80.
[1586771851.801][WARNING]: Timed out connecting to Chrome, retrying...
Apr 13, 2020 3:27:33 PM org.openqa.selenium.remote.ProtocolHandshake createSession
INFO: Detected dialect: W3C
]]></system-err>
  </testcase>
</testsuite>